IYR Case: 2019
validHCL Case: #6b5442
validating hcl
6
b
5
4
4
2
validECL Case: brn
validHGT Case: 171cm
validPID Case: 637485594 hgt:171cm
validBYR Case: 1986
validEYR Case: 2021
validEmpty line! foundCategories size: 7
found a 7 w missing cid
BYR Case: 2014
IYR Case: 1938
EYR Case: 2025
validHCL Case: #341e13
validating hcl
3
4
1
e
1
3
validHGT Case: 66cm
PID Case: 70195175
Empty line! foundCategories size: 2
HCL Case: #efcc98
validating hcl
e
f
c
c
9
8
validIYR Case: 2011
validECL Case: hzl
validEYR Case: 2020
validHGT Case: 174cm
validPID Case: 589700330
Empty line! foundCategories size: 5
EYR Case: 2027
validHCL Case: #bba027
validating hcl
b
b
a
0
2
7
validECL Case: brn
validPID Case: 153cm
IYR Case: 2028
HGT Case: 173cm
validBYR Case: 2004
Empty line! foundCategories size: 4
HCL Case: b45cec
IYR Case: 2011
validEYR Case: 2029
validHGT Case: 185cm
validECL Case: oth
validPID Case: 178cm
Empty line! foundCategories size: 4
IYR Case: 2016
validEYR Case: 2029
validHGT Case: 185cm
validHCL Case: #888785
validating hcl
8
8
8
7
8
5
validPID Case: 026540921
Empty line! foundCategories size: 4
EYR Case: 2025
validBYR Case: 2015
IYR Case: 1974
HCL Case: 6962f7 
ECL Case: oth
validHGT Case: 191cm
validPID Case: 2616015
Empty line! foundCategories size: 3
IYR Case: 2019
validECL Case: grn
validPID Case: 268398556 iyr:2019 ecl:grn
validBYR Case: 1951
validEYR Case: 2027
validHGT Case: 67cm
HCL Case: #18171d
validating hcl
1
8
1
7
1
d
validEmpty line! foundCategories size: 6
BYR Case: 2013
EYR Case: 2029
validHGT Case: 153cm
validHCL Case: #623a2f
validating hcl
6
2
3
a
2
f
validECL Case: brn
validPID Case: 183179186 byr:2013 hcl:#623a2f
IYR Case: 1957
Empty line! foundCategories size: 4
BYR Case: 2025
IYR Case: 1922
HCL Case: 752fbc 
PID Case: 79577560 byr:2025
EYR Case: 1971
HGT Case: 61cm 
Empty line! foundCategories size: 0
IYR Case: 2016
validEYR Case: 2024
validHGT Case: 184cm
validHCL Case: #18171d
validating hcl
1
8
1
7
1
d
validBYR Case: 1992
validECL Case: hzl
validPID Case: 751161201
Empty line! foundCategories size: 6
BYR Case: 1938
validIYR Case: 2016
validEYR Case: 2021
validHGT Case: 191cm
validHCL Case: #b6652a
validating hcl
b
6
6
5
2
a
validECL Case: blu
validPID Case: 313406514 hgt:191cm
Empty line! foundCategories size: 6
EYR Case: 2021
validHCL Case: #623a2f
validating hcl
6
2
3
a
2
f
validECL Case: brn
validBYR Case: 1991
validIYR Case: 2019
validHGT Case: 167cm
validPID Case: 145249653 hgt:167cm iyr:2019 byr:1991
validEmpty line! foundCategories size: 7
found a 7 w missing cid
IYR Case: 2022
PID Case: 175cm
BYR Case: 2021
EYR Case: 2027
validECL Case: #f6
HGT Case: 172in
HCL Case: #ceb3a1
validating hcl
c
e
b
3
a
1
validEmpty line! foundCategories size: 2
HGT Case: 173in
IYR Case: 1968
ECL Case: #0c
PID Case: 1885981567 iyr:1968
BYR Case: 1952
validEYR Case: 1942
Empty line! foundCategories size: 1
BYR Case: 1971
validIYR Case: 2017
validEYR Case: 2023
validHGT Case: 65cm 
HCL Case: z iyr:2
ECL Case: oth
validPID Case: 521737908 byr:1971 hcl:z iyr:2017
Empty line! foundCategories size: 4
BYR Case: 1936
validHCL Case: #cfa07d
validating hcl
c
f
a
0
7
d
validIYR Case: 2011
validECL Case: brn
validPID Case: 589047874
EYR Case: 2025
validEmpty line! foundCategories size: 5
HCL Case: #fffffd
validating hcl
f
f
f
f
f
d
validPID Case: 912552538
IYR Case: 2012
validHGT Case: 160cm
validEYR Case: 2023
validECL Case: hzl
validBYR Case: 1946
validEmpty line! foundCategories size: 6
IYR Case: 2015
validHGT Case: 72in
validECL Case: amb
validEYR Case: 2026
validHCL Case: #18171d
validating hcl
1
8
1
7
1
d
validPID Case: 782818257 hcl:#18171d eyr:2026
BYR Case: 1952
validEmpty line! foundCategories size: 6
BYR Case: 1986
validIYR Case: 2018
validEYR Case: 2026
validHGT Case: 173cm
validECL Case: amb
validPID Case: 783160698 eyr:2026
HCL Case: #602927
validating hcl
6
0
2
9
2
7
validEmpty line! foundCategories size: 6
EYR Case: 2030
validHCL Case: #a97842
validating hcl
a
9
7
8
4
2
validPID Case: 912273414 eyr:2030
BYR Case: 1960
validIYR Case: 2011
validHGT Case: 171cm
validECL Case: hzl
validEmpty line! foundCategories size: 6
HGT Case: 156cm
validECL Case: amb
validIYR Case: 2013
validHCL Case: #ceb3a1
validating hcl
c
e
b
3
a
1
validBYR Case: 1942
validPID Case: 567057004 byr:1942
EYR Case: 2029
validEmpty line! foundCategories size: 6
ECL Case: #cd
PID Case: 045090966 cid:254
validBYR Case: 1956
validEYR Case: 2026
validHGT Case: 75in 
validHCL Case: #733820
validating hcl
7
3
3
8
2
0
validIYR Case: 2015
validEmpty line! foundCategories size: 6
PID Case: 156cm
EYR Case: 2040
HGT Case: 176cm
validHCL Case: b7c0e6
ECL Case: #02
BYR Case: 2022
IYR Case: 1959
Empty line! foundCategories size: 1
BYR Case: 1933
validHGT Case: 160cm
validIYR Case: 2012
validEYR Case: 2029
validHCL Case: #888785
validating hcl
8
8
8
7
8
5
validECL Case: blu
validPID Case: 028571975
Empty line! foundCategories size: 6
IYR Case: 2017
validBYR Case: 1931
validEYR Case: 2030
validHGT Case: 171cm
validHCL Case: #390f37
validating hcl
3
9
0
f
3
7
validECL Case: brn
validPID Case: 015365720 eyr:2030
Empty line! foundCategories size: 6
IYR Case: 2014
validPID Case: 697057757
EYR Case: 2026
validHGT Case: 188cm
validBYR Case: 1926
validECL Case: gry
validEmpty line! foundCategories size: 5
IYR Case: 2018
validHGT Case: 150cm
validHCL Case: #fffffd
validating hcl
f
f
f
f
f
d
validPID Case: 484310015 hcl:#fffffd hgt:150cm iyr:2018
validBYR Case: 1957
validEYR Case: 2021
validECL Case: gry
validEmpty line! foundCategories size: 7
found a 7 w missing cid
HGT Case: 156cm
validBYR Case: 1963
validEYR Case: 2026
validIYR Case: 2011
validECL Case: brn
validPID Case: 063272603 ecl:brn iyr:2011
validHCL Case: #888785
validating hcl
8
8
8
7
8
5
validEmpty line! foundCategories size: 7
found a 7 w missing cid
BYR Case: 1955
validIYR Case: 2018
validHGT Case: 191cm
validPID Case: 310518398 hgt:191cm iyr:2018
EYR Case: 2023
validHCL Case: #888785
validating hcl
8
8
8
7
8
5
validECL Case: oth
validEmpty line! foundCategories size: 6
BYR Case: 1938
validEYR Case: 2023
validHCL Case: #623a2f
validating hcl
6
2
3
a
2
f
validIYR Case: 2010
validHGT Case: 165cm
validPID Case: 170304863
ECL Case: amb
validEmpty line! foundCategories size: 6
EYR Case: 2026
validHGT Case: 164cm
validPID Case: 021468065 hgt:164cm
validBYR Case: 1996
validIYR Case: 2016
validHCL Case: #18171d
validating hcl
1
8
1
7
1
d
validECL Case: brn
validEmpty line! foundCategories size: 7
found a 7 w missing cid
BYR Case: 2027
EYR Case: 1948
HGT Case: 153in
HCL Case: #733820
validating hcl
7
3
3
8
2
0
validECL Case: oth
validPID Case: 8258823391 hgt:153in hcl:#733820 eyr:1948
Empty line! foundCategories size: 2
BYR Case: 2026
IYR Case: 2012
validEYR Case: 2036
ECL Case: #cd
PID Case: 5917499975
Empty line! foundCategories size: 1
BYR Case: 2004
HCL Case: 99ecb1
IYR Case: 1997
EYR Case: 2033
PID Case: 871137711 iyr:1997
HGT Case: 184cm
validECL Case: oth
validEmpty line! foundCategories size: 2
BYR Case: 2011
IYR Case: 2030
EYR Case: 1925
HGT Case: 59cm 
HCL Case: z ecl:#
ECL Case: #ee
PID Case: #02ee78
Empty line! foundCategories size: 0
PID Case: 742658992
HCL Case: #888785
validating hcl
8
8
8
7
8
5
validBYR Case: 1995
validIYR Case: 2013
validEYR Case: 2024
validHGT Case: 162cm
validECL Case: gry
validEmpty line! foundCategories size: 6
BYR Case: 1946
validHGT Case: 152cm
validIYR Case: 2018
validEYR Case: 2027
validPID Case: 352799678
HCL Case: #238da0
validating hcl
2
3
8
d
a
0
validECL Case: amb
validEmpty line! foundCategories size: 6
EYR Case: 2021
validHCL Case: #623a2f
validating hcl
6
2
3
a
2
f
validPID Case: 723616064 eyr:2021
HGT Case: 172cm
validBYR Case: 1926
validIYR Case: 2013
validECL Case: grn
validEmpty line! foundCategories size: 6
BYR Case: 2028
IYR Case: 2019
validEYR Case: 1986
HGT Case: 94 by
PID Case: #ee7f00
Empty line! foundCategories size: 1
ECL Case: amb
validBYR Case: 1957
validEYR Case: 2027
validHCL Case: #d67ae1
validating hcl
d
6
7
a
e
1
validPID Case: 188153423 byr:1957 hcl:#d67ae1
IYR Case: 2011
validHGT Case: 183cm
validEmpty line! foundCategories size: 6
BYR Case: 1950
validIYR Case: 2010
validEYR Case: 2034
HGT Case: 166cm
validECL Case: #e2
PID Case: 151457075
Empty line! foundCategories size: 3
EYR Case: 1981
BYR Case: 2016
IYR Case: 2029
HCL Case: z
ECL Case: #55
PID Case: 153cm ecl:#55c2a4 hcl:z
HGT Case: 76cm
Empty line! foundCategories size: 0
EYR Case: 2021
validHGT Case: 184cm
validECL Case: amb
validHCL Case: #623a2f
validating hcl
6
2
3
a
2
f
validBYR Case: 2002
validIYR Case: 1960
PID Case: 414607669 iyr:1960 byr:2002
validEmpty line! foundCategories size: 6
BYR Case: 1991
validIYR Case: 2020
validEYR Case: 2027
validHGT Case: 179cm
validPID Case: 969568248
ECL Case: blu
validEmpty line! foundCategories size: 5
IYR Case: 2012
validHGT Case: 175cm
validHCL Case: #a97842
validating hcl
a
9
7
8
4
2
validPID Case: 536803427 hcl:#a97842 iyr:2012
BYR Case: 1950
validEYR Case: 2027
validECL Case: grn
validEmpty line! foundCategories size: 6
IYR Case: 2018
validEYR Case: 2028
validHGT Case: 60in 
validHCL Case: #733820
validating hcl
7
3
3
8
2
0
validECL Case: oth
validPID Case: 871909483
BYR Case: 1930
validEmpty line! foundCategories size: 6
BYR Case: 1960
validIYR Case: 2020
validEYR Case: 2021
validHGT Case: 155cm
validHCL Case: #341e13
validating hcl
3
4
1
e
1
3
validECL Case: amb
validPID Case: 515710074 ecl:amb hcl:#341e13
validEmpty line! foundCategories size: 7
found a 7 w missing cid
BYR Case: 1922
validIYR Case: 1977
HCL Case: z iyr:1
ECL Case: brn
validEYR Case: 2023
validHGT Case: 119 p
PID Case: 865700639
Empty line! foundCategories size: 3
HCL Case: 959fcd 
ECL Case: gry
validPID Case: #633ac1
BYR Case: 2011
HGT Case: 68in
validEYR Case: 2020
validEmpty line! foundCategories size: 3
BYR Case: 2020
IYR Case: 1972
HCL Case: z cid:1
EYR Case: 1960
HGT Case: 166in
PID Case: 4548657 eyr:1960
ECL Case: #cc
Empty line! foundCategories size: 0
IYR Case: 2015
validEYR Case: 2023
validHCL Case: #b6652a
validating hcl
b
6
6
5
2
a
validBYR Case: 1979
validHGT Case: 187in
ECL Case: grn
validPID Case: 547953710 byr:1979 ecl:grn
Empty line! foundCategories size: 5
IYR Case: 2018
validEYR Case: 2025
validHGT Case: 187cm
validECL Case: oth
validPID Case: 508691429 ecl:oth eyr:2025 hgt:187cm cid:270
validBYR Case: 1977
validHCL Case: #888785
validating hcl
8
8
8
7
8
5
validEmpty line! foundCategories size: 7
found a 7 w missing cid
BYR Case: 2020
EYR Case: 2032
HGT Case: 168cm
validIYR Case: 1982
ECL Case: gry
validHCL Case: z pid:6
PID Case: 648015564
Empty line! foundCategories size: 2
BYR Case: 1992
validIYR Case: 2016
validEYR Case: 2030
validHGT Case: 156cm
validHCL Case: #fffffd
validating hcl
f
f
f
f
f
d
validECL Case: gry
validPID Case: 911858643 iyr:2016 ecl:gry eyr:2030 byr:1992 hgt:156cm
Empty line! foundCategories size: 6
EYR Case: 2026
validHGT Case: 164cm
validECL Case: grn
validPID Case: 241562994 eyr:2026 ecl:grn hgt:164cm
validBYR Case: 1945
validIYR Case: 2015
validHCL Case: #c0946f
validating hcl
c
0
9
4
6
f
validEmpty line! foundCategories size: 7
found a 7 w missing cid
BYR Case: 1976
validECL Case: hzl
validPID Case: 269322775 ecl:hzl
HGT Case: 162cm
validHCL Case: #b6652a
validating hcl
b
6
6
5
2
a
validIYR Case: 2012
validEYR Case: 2022
validEmpty line! foundCategories size: 6
EYR Case: 2028
validHGT Case: 106
HCL Case: #a97842
validating hcl
a
9
7
8
4
2
validPID Case: 268626219 hcl:#a97842
validIYR Case: 2011
validBYR Case: 1967
validECL Case: grn
validEmpty line! foundCategories size: 6
IYR Case: 2016
validHGT Case: 193cm
validHCL Case: #888785
validating hcl
8
8
8
7
8
5
validECL Case: oth
validEYR Case: 2027
validPID Case: 034099334 eyr:2027
validBYR Case: 1945
validEmpty line! foundCategories size: 7
found a 7 w missing cid
BYR Case: 1987
validIYR Case: 2010
validECL Case: utc
PID Case: 248319556 byr:1987 iyr:2010 cid:122 ecl:utc
validEYR Case: 2030
validHGT Case: 190cm
validHCL Case: z hgt:1
Empty line! foundCategories size: 5
IYR Case: 2019
validHCL Case: #ceb3a1
validating hcl
c
e
b
3
a
1
validECL Case: hzl
validBYR Case: 1992
validHGT Case: 73in 
validEYR Case: 2023
validEmpty line! foundCategories size: 6
HCL Case: #fffffd
validating hcl
f
f
f
f
f
d
validBYR Case: 1980
validIYR Case: 2018
validHGT Case: 176cm
validECL Case: blu
validPID Case: 809878309 iyr:2018
Empty line! foundCategories size: 5
BYR Case: 1973
validIYR Case: 2012
validEYR Case: 2030
validHGT Case: 167cm
validHCL Case: #866857
validating hcl
8
6
6
8
5
7
validECL Case: hzl
validPID Case: 168618514
Empty line! foundCategories size: 6
BYR Case: 2013
IYR Case: 2016
validEYR Case: 2036
HGT Case: 71cm
HCL Case: c97d76 
PID Case: 8439355994 byr:2013 eyr:2036 hgt:71cm
ECL Case: #05
Empty line! foundCategories size: 1
BYR Case: 1940
validIYR Case: 2011
validEYR Case: 2027
validHGT Case: 192cm
validHCL Case: #341e13
validating hcl
3
4
1
e
1
3
validECL Case: oth
validPID Case: 961548527 eyr:2027 hgt:192cm byr:1940 iyr:2011 ecl:oth
Empty line! foundCategories size: 6
BYR Case: 1935
validIYR Case: 2012
validHGT Case: 189cm
validECL Case: brn
validEYR Case: 2028
validHCL Case: #602927
validating hcl
6
0
2
9
2
7
validEmpty line! foundCategories size: 6
BYR Case: 2024
IYR Case: 2020
validEYR Case: 1939
HGT Case: 140 p
PID Case: 889951037
HCL Case: #b6652a
validating hcl
b
6
6
5
2
a
validECL Case: blu
validEmpty line! foundCategories size: 3
BYR Case: 1942
validECL Case: amb
validIYR Case: 2012
validHGT Case: 181cm
validPID Case: 161703003 hgt:181cm
EYR Case: 2027
validHCL Case: #602927
validating hcl
6
0
2
9
2
7
validEmpty line! foundCategories size: 6
HCL Case: #18171d
validating hcl
1
8
1
7
1
d
validBYR Case: 1935
validIYR Case: 2015
validECL Case: gry
validEYR Case: 2025
validHGT Case: 180cm
validPID Case: 988699528
Empty line! foundCategories size: 6
BYR Case: 1985
validEYR Case: 2025
validIYR Case: 2010
validHGT Case: 150cm
validHCL Case: #866857
validating hcl
8
6
6
8
5
7
validECL Case: blu
validPID Case: 315179208 iyr:2010 ecl:blu
Empty line! foundCategories size: 6
IYR Case: 2013
validEYR Case: 2021
validHCL Case: #341e13
validating hcl
3
4
1
e
1
3
validBYR Case: 1928
validHGT Case: 168cm
validECL Case: hzl
validPID Case: 862861470 ecl:hzl
Empty line! foundCategories size: 6
PID Case: 099158408
ECL Case: grn
validIYR Case: 2018
validEYR Case: 2026
validHCL Case: #b6652a
validating hcl
b
6
6
5
2
a
validBYR Case: 1964
validHGT Case: 185cm
validEmpty line! foundCategories size: 6
BYR Case: 1990
validHGT Case: 155cm
validECL Case: brn
validEYR Case: 2023
validIYR Case: 2012
validHCL Case: #ceb3a1
validating hcl
c
e
b
3
a
1
validEmpty line! foundCategories size: 6
ECL Case: brn
validEYR Case: 2026
validPID Case: 658930205
BYR Case: 1990
validIYR Case: 2016
validHGT Case: 176cm
validHCL Case: #d55f68
validating hcl
d
5
5
f
6
8
validEmpty line! foundCategories size: 6
HCL Case: #602927
validating hcl
6
0
2
9
2
7
validPID Case: 924899781
BYR Case: 1964
validEYR Case: 2024
validIYR Case: 2019
validHGT Case: 181cm
validECL Case: gry
validEmpty line! foundCategories size: 6
IYR Case: 2017
validEYR Case: 2026
validHGT Case: 190cm
validHCL Case: #a97842
validating hcl
a
9
7
8
4
2
validECL Case: blu
validPID Case: 8812414708 iyr:2017 hcl:#a97842 hgt:190cm
BYR Case: 1970
validEmpty line! foundCategories size: 6
HGT Case: 152cm
validIYR Case: 2019
validPID Case: 403682313 iyr:2019
validHCL Case: #ceb3a1
validating hcl
c
e
b
3
a
1
validECL Case: oth
validBYR Case: 1957
validEYR Case: 2021
validEmpty line! foundCategories size: 7
found a 7 w missing cid
PID Case: 23799214
BYR Case: 2030
HGT Case: 66cm
IYR Case: 2022
EYR Case: 2035
HCL Case: z ecl:#
ECL Case: #c8
Empty line! foundCategories size: 0
BYR Case: 1967
validEYR Case: 2022
validHGT Case: 177cm
validPID Case: 060293594
ECL Case: brn
validIYR Case: 2016
validHCL Case: #cfa07d
validating hcl
c
f
a
0
7
d
validEmpty line! foundCategories size: 6
EYR Case: 2029
validHGT Case: 184cm
validHCL Case: #6b5442
validating hcl
6
b
5
4
4
2
validBYR Case: 1965
validIYR Case: 2013
validECL Case: oth
validPID Case: 26983291 byr:1965
Empty line! foundCategories size: 6
BYR Case: 1975
validHGT Case: 192cm
validPID Case: 255519852 byr:1975 hgt:192cm
validECL Case: lzr
IYR Case: 2015
validEYR Case: 2030
validHCL Case: #623a2f
validating hcl
6
2
3
a
2
f
validEmpty line! foundCategories size: 6
IYR Case: 2010
validECL Case: blu
validBYR Case: 1935
validEYR Case: 2025
validHGT Case: 162cm
validHCL Case: #881267
validating hcl
8
8
1
2
6
7
validPID Case: 121130250 byr:1935 cid:57 eyr:2025
Empty line! foundCategories size: 6
HGT Case: 189cm
validHCL Case: #a97842
validating hcl
a
9
7
8
4
2
validIYR Case: 2014
validEYR Case: 2024
validECL Case: brn
validPID Case: 972960330
Empty line! foundCategories size: 5
BYR Case: 1982
validIYR Case: 2020
validEYR Case: 2026
validHGT Case: 193cm
validHCL Case: #623a2f
validating hcl
6
2
3
a
2
f
validECL Case: amb
validPID Case: 158154062 ecl:amb
Empty line! foundCategories size: 6
EYR Case: 2025
validHGT Case: 191cm
validECL Case: amb
validHCL Case: #341e13
validating hcl
3
4
1
e
1
3
validBYR Case: 1950
validIYR Case: 2016
validPID Case: 137048981 iyr:2016 byr:1950
validEmpty line! foundCategories size: 7
found a 7 w missing cid
BYR Case: 1930
validEYR Case: 2029
validHGT Case: 75in
validECL Case: hzl
validPID Case: 464272185 cid:341
validIYR Case: 2012
validHCL Case: #c0946f
validating hcl
c
0
9
4
6
f
validEmpty line! foundCategories size: 7
found a 7 w missing cid
ECL Case: brn
validBYR Case: 1926
validHCL Case: #c0946f
validating hcl
c
0
9
4
6
f
validPID Case: 952709301 byr:1926 hcl:#c0946f
validEYR Case: 2028
validHGT Case: 170cm
validEmpty line! foundCategories size: 6
BYR Case: 2025
HGT Case: 190in
PID Case: 578940518 byr:2025 hgt:190in
validIYR Case: 2030
EYR Case: 2027
validECL Case: amb
validEmpty line! foundCategories size: 3
BYR Case: 1950
validIYR Case: 2016
validHGT Case: 185cm
validHCL Case: #18171d
validating hcl
1
8
1
7
1
d
validECL Case: amb
validPID Case: 490377510 byr:1950 hcl:#18171d
EYR Case: 2025
validEmpty line! foundCategories size: 6
IYR Case: 2014
validHGT Case: 156in
PID Case: 65952131
BYR Case: 1938
validHCL Case: #7d3b0c
validating hcl
7
d
3
b
0
c
validECL Case: blu
validEYR Case: 2023
validEmpty line! foundCategories size: 5
IYR Case: 2016
validEYR Case: 2030
validHGT Case: 174cm
validHCL Case: #888785
validating hcl
8
8
8
7
8
5
validECL Case: gry
validPID Case: 818347623 hcl:#888785 eyr:2030 hgt:174cm
Empty line! foundCategories size: 5
ECL Case: hzl
validHCL Case: #866857
validating hcl
8
6
6
8
5
7
validEYR Case: 2027
validHGT Case: 179cm
validPID Case: 213124752 hgt:179cm
validBYR Case: 1989
validEmpty line! foundCategories size: 6
BYR Case: 1990
validIYR Case: 2018
validPID Case: 024846371 byr:1990 iyr:2018
validEYR Case: 2026
validHGT Case: 161cm
validECL Case: oth
validEmpty line! foundCategories size: 6
IYR Case: 2016
validHGT Case: 129 i
HCL Case: z hgt:1
EYR Case: 2034
BYR Case: 2026
ECL Case: oth
validPID Case: #b85e75 byr:2026 ecl:oth
Empty line! foundCategories size: 2
IYR Case: 2011
validHGT Case: 192cm
validHCL Case: #602927
validating hcl
6
0
2
9
2
7
validECL Case: blu
validBYR Case: 1996
validEYR Case: 2027
validPID Case: 863613568 byr:1996 eyr:2027
validEmpty line! foundCategories size: 7
found a 7 w missing cid
BYR Case: 1952
validHGT Case: 160cm
validIYR Case: 2019
validEYR Case: 2027
validHCL Case: z
ECL Case: #0a
PID Case: 719697407 hcl:z
Empty line! foundCategories size: 4
IYR Case: 2012
validHGT Case: 173cm
validPID Case: 040987502 cid:155 iyr:2012 hgt:173cm
validBYR Case: 2002
validEYR Case: 2023
validHCL Case: #fffffd
validating hcl
f
f
f
f
f
d
validECL Case: hzl
validEmpty line! foundCategories size: 7
found a 7 w missing cid
BYR Case: 1993
validIYR Case: 2019
validEYR Case: 2027
validHGT Case: 70in 
validHCL Case: #733820
validating hcl
7
3
3
8
2
0
validECL Case: oth
validPID Case: 319157251 hcl:#733820 hgt:70in eyr:2027
Empty line! foundCategories size: 6
HCL Case: #9d85d4
validating hcl
9
d
8
5
d
4
validHGT Case: 192cm
validPID Case: 570514935
BYR Case: 1989
validEYR Case: 2022
validECL Case: gry
validIYR Case: 2016
validEmpty line! foundCategories size: 6
HGT Case: 162cm
validBYR Case: 1922
validIYR Case: 2015
validEYR Case: 2023
validHCL Case: #623a2f
validating hcl
6
2
3
a
2
f
validECL Case: amb
validPID Case: 553794028 byr:1922 ecl:amb hcl:#623a2f
Empty line! foundCategories size: 6
EYR Case: 2024
validHGT Case: 179cm
validHCL Case: #efcc98
validating hcl
e
f
c
c
9
8
validECL Case: amb
validPID Case: 665225721
BYR Case: 1963
validIYR Case: 2012
validEmpty line! foundCategories size: 6
BYR Case: 2026
HCL Case: #888785
validating hcl
8
8
8
7
8
5
validIYR Case: 1972
EYR Case: 1980
PID Case: 153cm
HGT Case: 170cm
validECL Case: blu
validEmpty line! foundCategories size: 3
ECL Case: gry
validPID Case: 704204892 ecl:gry
validEYR Case: 2023
validBYR Case: 1920
validIYR Case: 2010
validHGT Case: 168cm
validHCL Case: #3311ec
validating hcl
3
3
1
1
e
c
validEmpty line! foundCategories size: 7
found a 7 w missing cid
EYR Case: 2023
validPID Case: #7f3caf eyr:2023
BYR Case: 1990
validHGT Case: 146 b
HCL Case: z hgt:1
ECL Case: amb
validIYR Case: 2014
validEmpty line! foundCategories size: 4
HGT Case: 171cm
validECL Case: blu
validPID Case: 383695713
IYR Case: 2010
validBYR Case: 1950
validEYR Case: 2024
validHCL Case: #602927
validating hcl
6
0
2
9
2
7
validEmpty line! foundCategories size: 6
BYR Case: 1935
validHGT Case: 178cm
validHCL Case: #2da7db
validating hcl
2
d
a
7
d
b
validPID Case: 597509269
IYR Case: 2014
validEYR Case: 2020
validECL Case: blu
validEmpty line! foundCategories size: 6
EYR Case: 2034
ECL Case: #d4
BYR Case: 2006
IYR Case: 2023
HGT Case: 67cm 
HCL Case: z hgt:6
PID Case: #268d93 byr:2006
Empty line! foundCategories size: 0
EYR Case: 1939
PID Case: 9942171839
HGT Case: 104
IYR Case: 1945
BYR Case: 2011
HCL Case: #ceb3a1
validating hcl
c
e
b
3
a
1
validECL Case: #f9
Empty line! foundCategories size: 1
BYR Case: 1937
validIYR Case: 2010
validPID Case: 979528684
EYR Case: 2028
validHGT Case: 164cm
validHCL Case: #ceb3a1
validating hcl
c
e
b
3
a
1
validECL Case: gry
validEmpty line! foundCategories size: 6
BYR Case: 1996
validIYR Case: 2019
validEYR Case: 2022
validHGT Case: 169cm
validHCL Case: #18171d
validating hcl
1
8
1
7
1
d
validPID Case: 044485658 hcl:#18171d byr:1996 hgt:169cm
ECL Case: gry
validEmpty line! foundCategories size: 6
PID Case: 031482456
EYR Case: 2024
validIYR Case: 2015
validBYR Case: 1921
validHGT Case: 157cm
validHCL Case: #7d3b0c
validating hcl
7
d
3
b
0
c
validECL Case: oth
validEmpty line! foundCategories size: 6
PID Case: 399398768
ECL Case: lzr
HCL Case: z
EYR Case: 1983
HGT Case: 68cm
BYR Case: 2024
IYR Case: 2027
Empty line! foundCategories size: 0
EYR Case: 2026
validHGT Case: 186cm
validECL Case: amb
validPID Case: 140032921 ecl:amb cid:278
BYR Case: 1937
validIYR Case: 2015
validEmpty line! foundCategories size: 5
HGT Case: 172cm
validEYR Case: 2024
validHCL Case: #6b5442
validating hcl
6
b
5
4
4
2
validECL Case: amb
validPID Case: 718725983 hcl:#6b5442 eyr:2024
BYR Case: 1974
validIYR Case: 2013
validEmpty line! foundCategories size: 6
IYR Case: 2014
validHCL Case: #cfa07d
validating hcl
c
f
a
0
7
d
validECL Case: amb
validBYR Case: 1999
validEYR Case: 2022
validHGT Case: 68in 
validPID Case: 442275714 hgt:68in byr:1999
Empty line! foundCategories size: 6
HGT Case: 152cm
validBYR Case: 1927
validIYR Case: 2015
validHCL Case: #b6652a
validating hcl
b
6
6
5
2
a
validECL Case: oth
validPID Case: 806672342 hcl:#b6652a byr:1927 ecl:oth
Empty line! foundCategories size: 5
BYR Case: 1925
validIYR Case: 2015
validEYR Case: 2029
validHGT Case: 174cm
validHCL Case: #7d3b0c
validating hcl
7
d
3
b
0
c
validECL Case: oth
validPID Case: 888044223 cid:168 ecl:oth eyr:2029
Empty line! foundCategories size: 6
BYR Case: 2009
HGT Case: 156cm
validECL Case: gry
validIYR Case: 2015
validEYR Case: 2021
validHCL Case: #888785
validating hcl
8
8
8
7
8
5
validPID Case: 263500722 iyr:2015 eyr:2021
Empty line! foundCategories size: 5
HGT Case: 169cm
validHCL Case: #ba8b89
validating hcl
b
a
8
b
8
9
validECL Case: hzl
validBYR Case: 1929
validIYR Case: 2016
validEYR Case: 2028
validPID Case: 626102979 iyr:2016 eyr:2028
Empty line! foundCategories size: 6
IYR Case: 2016
validHGT Case: 188cm
validBYR Case: 1926
validEYR Case: 2023
validHCL Case: #602927
validating hcl
6
0
2
9
2
7
validECL Case: hzl
validPID Case: 678092780
Empty line! foundCategories size: 6
BYR Case: 2025
EYR Case: 2037
ECL Case: utc
PID Case: #584dc1 eyr:2037
IYR Case: 1950
HGT Case: 151cm
validHCL Case: #cfa07d
validating hcl
c
f
a
0
7
d
validEmpty line! foundCategories size: 2
IYR Case: 1955
EYR Case: 1977
HGT Case: 140 e
HCL Case: #6b5442
validating hcl
6
b
5
4
4
2
validECL Case: oth
validBYR Case: 1999
validPID Case: 868434068
Empty line! foundCategories size: 3
IYR Case: 2016
validEYR Case: 2029
validHGT Case: 166cm
validHCL Case: #18171d
validating hcl
1
8
1
7
1
d
validECL Case: hzl
validBYR Case: 1942
validPID Case: 100226690 byr:1942
validEmpty line! foundCategories size: 7
found a 7 w missing cid
ECL Case: #80
BYR Case: 1985
validIYR Case: 2024
HCL Case: da8a68
EYR Case: 2017
PID Case: #d9e5b0 eyr:2017
Empty line! foundCategories size: 1
BYR Case: 1945
validEYR Case: 2020
validHGT Case: 164cm
validHCL Case: #cfa07d
validating hcl
c
f
a
0
7
d
validECL Case: hzl
validIYR Case: 2011
validEmpty line! foundCategories size: 6
IYR Case: 2018
validHGT Case: 165cm
validBYR Case: 1930
validEYR Case: 2026
validPID Case: 868536448 eyr:2026 byr:1930
validHCL Case: #623a2f
validating hcl
6
2
3
a
2
f
validECL Case: hzl
validEmpty line! foundCategories size: 7
found a 7 w missing cid
IYR Case: 2012
validECL Case: grn
validBYR Case: 1950
validEYR Case: 2029
validHGT Case: 177cm
validHCL Case: #efcc98
validating hcl
e
f
c
c
9
8
validPID Case: 685629972
Empty line! foundCategories size: 6
BYR Case: 2004
HGT Case: 168cm
validIYR Case: 2020
validHCL Case: z
ECL Case: dne
Empty line! foundCategories size: 2
BYR Case: 1964
validHGT Case: 188cm
validHCL Case: #602927
validating hcl
6
0
2
9
2
7
validECL Case: oth
validPID Case: 132604237 ecl:oth hcl:#602927 hgt:188cm
IYR Case: 2012
validEYR Case: 2025
validEmpty line! foundCategories size: 6
BYR Case: 1945
validIYR Case: 2023
HGT Case: 70in
validECL Case: #1a
EYR Case: 2031
HCL Case: z
PID Case: 186cm eyr:2031 hcl:z
validEmpty line! foundCategories size: 3
EYR Case: 2024
validHGT Case: 162cm
validECL Case: amb
validIYR Case: 2016
validHCL Case: #18171d
validating hcl
1
8
1
7
1
d
validBYR Case: 1945
validPID Case: 737813370
Empty line! foundCategories size: 6
HCL Case: #18171d
validating hcl
1
8
1
7
1
d
validBYR Case: 1949
validPID Case: 064917719
HGT Case: 176cm
validECL Case: amb
validEYR Case: 2034
IYR Case: 1998
Empty line! foundCategories size: 4
HGT Case: 72in
validHCL Case: #623a2f
validating hcl
6
2
3
a
2
f
validPID Case: 711343766 hcl:#623a2f
validBYR Case: 1977
validIYR Case: 2010
validEYR Case: 2023
validECL Case: amb
validEmpty line! foundCategories size: 7
found a 7 w missing cid
BYR Case: 1933
validEYR Case: 2040
HGT Case: 66 pi
PID Case: 22149379 eyr:2040
HCL Case: #cfa07d
validating hcl
c
f
a
0
7
d
validECL Case: #92
Empty line! foundCategories size: 2
BYR Case: 1946
validIYR Case: 2020
validEYR Case: 2020
validECL Case: hzl
validPID Case: 153cm
HGT Case: 159cm
validHCL Case: #888785
validating hcl
8
8
8
7
8
5
validEmpty line! foundCategories size: 6
BYR Case: 1931
validIYR Case: 2013
validEYR Case: 1950
HCL Case: 3c49c1 
ECL Case: #2c
HGT Case: 182cm
validPID Case: #19fc55
Empty line! foundCategories size: 3
HCL Case: #a9abe6
validating hcl
a
9
a
b
e
6
validIYR Case: 2016
validBYR Case: 1952
validEYR Case: 2029
validHGT Case: 187cm
validECL Case: hzl
validPID Case: 691253232 byr:1952 hgt:187cm
Empty line! foundCategories size: 6
HCL Case: z
EYR Case: 1964
ECL Case: #59
BYR Case: 2021
IYR Case: 1951
HGT Case: 72in 
validPID Case: 2103603035 iyr:1951
Empty line! foundCategories size: 1
BYR Case: 1988
validIYR Case: 2024
HGT Case: 151in
ECL Case: blu
validEYR Case: 1961
HCL Case: z pid:5
PID Case: 5371118784
Empty line! foundCategories size: 2
IYR Case: 2021
HGT Case: 71cm 
EYR Case: 2033
ECL Case: amb
validHCL Case: z cid:2
BYR Case: 1987
validPID Case: 207141921 byr:1987
validEmpty line! foundCategories size: 3
BYR Case: 1927
validEYR Case: 2024
validECL Case: gry
validIYR Case: 2014
validHGT Case: 60in 
validPID Case: 847799723 cid:285
validHCL Case: #733820
validating hcl
7
3
3
8
2
0
validEmpty line! foundCategories size: 7
found a 7 w missing cid
EYR Case: 2022
validHCL Case: #18171d
validating hcl
1
8
1
7
1
d
validPID Case: 847063261
BYR Case: 1926
validECL Case: grn
validIYR Case: 2011
validEmpty line! foundCategories size: 5
IYR Case: 2016
validEYR Case: 2025
validHCL Case: #a97842
validating hcl
a
9
7
8
4
2
validECL Case: oth
validPID Case: 647225630 iyr:2016 hcl:#a97842 ecl:oth eyr:2025
validBYR Case: 1983
validHGT Case: 182cm
validEmpty line! foundCategories size: 7
found a 7 w missing cid
BYR Case: 1924
validHGT Case: 150 b
EYR Case: 2024
validHCL Case: 1600da
ECL Case: brn
validPID Case: 656253964
Empty line! foundCategories size: 3
BYR Case: 1956
validHGT Case: 153in
HCL Case: #866857
validating hcl
8
6
6
8
5
7
validPID Case: 644514788 byr:1956 hcl:#866857
IYR Case: 2029
ECL Case: utc
Empty line! foundCategories size: 2
BYR Case: 1961
validPID Case: 755541617 byr:1961
IYR Case: 2019
validECL Case: grn
validEYR Case: 2029
validHGT Case: 169cm
validHCL Case: #efcc98
validating hcl
e
f
c
c
9
8
validEmpty line! foundCategories size: 6
IYR Case: 2005
BYR Case: 2013
EYR Case: 2040
HCL Case: 8080a4 
PID Case: 145803668
Empty line! foundCategories size: 0
IYR Case: 2029
HCL Case: z ecl:b
ECL Case: brn
validBYR Case: 1948
validEYR Case: 2031
HGT Case: 76cm 
PID Case: 186cm eyr:2031
Empty line! foundCategories size: 2
BYR Case: 1983
validIYR Case: 2018
validHCL Case: #888785
validating hcl
8
8
8
7
8
5
validECL Case: grn
validPID Case: 402246959 iyr:2018
EYR Case: 2020
validEmpty line! foundCategories size: 5
EYR Case: 2026
validHGT Case: 175cm
validPID Case: 594997236
BYR Case: 1991
validIYR Case: 2015
validHCL Case: #ceb3a1
validating hcl
c
e
b
3
a
1
validECL Case: blu
validEmpty line! foundCategories size: 6
BYR Case: 1989
validEYR Case: 2027
validIYR Case: 2020
validHGT Case: 192cm
validHCL Case: #cfa07d
validating hcl
c
f
a
0
7
d
validECL Case: blu
validPID Case: 657979353
Empty line! foundCategories size: 6
BYR Case: 1947
validIYR Case: 2016
validPID Case: #a043a3 iyr:2016 byr:1947
EYR Case: 2031
HGT Case: 191cm
validECL Case: xry
Empty line! foundCategories size: 3
BYR Case: 1948
validEYR Case: 2023
validHGT Case: 74in
validECL Case: blu
validPID Case: 966094274
IYR Case: 2015
validEmpty line! foundCategories size: 5
IYR Case: 2020
validECL Case: zzz
BYR Case: 2017
EYR Case: 1999
HCL Case: 3cf716 
PID Case: 60198759
HGT Case: 70cm
Empty line! foundCategories size: 1
BYR Case: 2014
IYR Case: 1941
EYR Case: 2033
HGT Case: 182 p
ECL Case: #9c
PID Case: 80897411 byr:2014 eyr:2033 iyr:1941 ecl:#9c54e8 cid:107
HCL Case: z
Empty line! foundCategories size: 0
BYR Case: 1990
validIYR Case: 2015
validEYR Case: 2030
validHGT Case: 168cm
validHCL Case: #866857
validating hcl
8
6
6
8
5
7
validECL Case: oth
validPID Case: 588340506 eyr:2030 hgt:168cm ecl:oth
Empty line! foundCategories size: 6
BYR Case: 2012
EYR Case: 1930
HGT Case: 151 c
HCL Case: 676aad 
ECL Case: oth
validPID Case: 513365039
IYR Case: 1943
Empty line! foundCategories size: 1
HGT Case: 70cm
ECL Case: #92
BYR Case: 2014
IYR Case: 2022
EYR Case: 2024
validHCL Case: 4909ee 
PID Case: #13fe6c iyr:2022 byr:2014
Empty line! foundCategories size: 1
EYR Case: 2036
HGT Case: 155cm
validHCL Case: 02fdbc 
IYR Case: 1946
BYR Case: 2025
ECL Case: utc
PID Case: 508011940 ecl:utc byr:2025
validEmpty line! foundCategories size: 2
EYR Case: 2028
validHGT Case: 171cm
validHCL Case: #c0946f
validating hcl
c
0
9
4
6
f
validECL Case: #90
PID Case: #f74bbe eyr:2028 hcl:#c0946f hgt:171cm ecl:#9077c0
BYR Case: 1951
validIYR Case: 2010
validEmpty line! foundCategories size: 5
BYR Case: 2020
IYR Case: 2017
validEYR Case: 2028
validHGT Case: 125 h
HCL Case: #cfa07d
validating hcl
c
f
a
0
7
d
validECL Case: brn
validPID Case: 731062033 ecl:brn eyr:2028 cid:255 byr:2020
Empty line! foundCategories size: 4
BYR Case: 1978
validEYR Case: 2033
ECL Case: xry
IYR Case: 2012
validHGT Case: 70cm 
HCL Case: z
PID Case: 272848084
Empty line! foundCategories size: 2
HGT Case: 174cm
validECL Case: blu
validBYR Case: 1999
validIYR Case: 2015
validEYR Case: 2030
validHCL Case: #ceb3a1
validating hcl
c
e
b
3
a
1
validPID Case: 322583115 cid:301
validEmpty line! foundCategories size: 7
found a 7 w missing cid
BYR Case: 2007
EYR Case: 2007
IYR Case: 2013
validHGT Case: 156in
validECL Case: dne
PID Case: 182cm iyr:2013 hgt:156in
HCL Case: 680e8c
Empty line! foundCategories size: 2
HGT Case: 189cm
validHCL Case: #18171d
validating hcl
1
8
1
7
1
d
validBYR Case: 1996
validECL Case: amb
validIYR Case: 2020
validEYR Case: 2022
validPID Case: 470853813
Empty line! foundCategories size: 6
BYR Case: 1998
validIYR Case: 2014
validEYR Case: 2028
validHCL Case: #d50ced
validating hcl
d
5
0
c
e
d
validECL Case: hzl
validPID Case: 785152983 iyr:2014 eyr:2028 hcl:#d50ced ecl:hzl byr:1998
validEmpty line! foundCategories size: 6
BYR Case: 1945
validIYR Case: 2018
validHGT Case: 187cm
validHCL Case: #7d3b0c
validating hcl
7
d
3
b
0
c
validECL Case: hzl
validPID Case: 414181589 iyr:2018
Empty line! foundCategories size: 5
BYR Case: 1936
validHGT Case: 183cm
validHCL Case: #7d3b0c
validating hcl
7
d
3
b
0
c
validECL Case: gry
validPID Case: 376279728 hcl:#7d3b0c
IYR Case: 2012
validEYR Case: 2023
validEmpty line! foundCategories size: 6
BYR Case: 2000
validHGT Case: 157cm
validECL Case: hzl
validIYR Case: 2020
validPID Case: 203994583
EYR Case: 2023
validHCL Case: #866857
validating hcl
8
6
6
8
5
7
validEmpty line! foundCategories size: 6
BYR Case: 2009
EYR Case: 1992
IYR Case: 2029
HGT Case: 70cm 
HCL Case: dc80b3 
ECL Case: grn
validPID Case: #65c31d
Empty line! foundCategories size: 1
HCL Case: #7d3b0c
validating hcl
7
d
3
b
0
c
validBYR Case: 1945
validHGT Case: 177cm
validIYR Case: 2013
validEYR Case: 2028
validECL Case: blu
validPID Case: 038116668 cid:74 ecl:blu
Empty line! foundCategories size: 6
BYR Case: 1986
validIYR Case: 2013
validEYR Case: 1970
HGT Case: 76cm
HCL Case: #888785
validating hcl
8
8
8
7
8
5
validECL Case: zzz
PID Case: 700997508 eyr:1970 ecl:zzz hcl:#888785 iyr:2013 byr:1986 cid:219 hgt:76cm
validEmpty line! foundCategories size: 4
EYR Case: 2025
validHGT Case: 161cm
validIYR Case: 2015
validHCL Case: #fffffd
validating hcl
f
f
f
f
f
d
validBYR Case: 1988
validECL Case: gry
validPID Case: 840085402 ecl:gry byr:1988
validEmpty line! foundCategories size: 7
found a 7 w missing cid
BYR Case: 1997
validHCL Case: #481a3b
validating hcl
4
8
1
a
3
b
validECL Case: #a5
PID Case: 96550914 hcl:#481a3b byr:1997 ecl:#a57167
validHGT Case: 174cm
validEmpty line! foundCategories size: 4
HCL Case: #b6652a
validating hcl
b
6
6
5
2
a
validEYR Case: 2029
validECL Case: brn
validIYR Case: 2011
validHGT Case: 157cm
validPID Case: 910022061
BYR Case: 1947
validEmpty line! foundCategories size: 6
EYR Case: 2026
validPID Case: 010289131 eyr:2026
validBYR Case: 1930
validHCL Case: #b6652a
validating hcl
b
6
6
5
2
a
validECL Case: grn
validIYR Case: 2013
validHGT Case: 187cm
validEmpty line! foundCategories size: 7
found a 7 w missing cid
HGT Case: 120
HCL Case: #6b5442
validating hcl
6
b
5
4
4
2
validECL Case: grt
BYR Case: 2025
IYR Case: 1930
EYR Case: 1933
PID Case: 454504291 eyr:1933 byr:2025 iyr:1930
validEmpty line! foundCategories size: 2
IYR Case: 2016
validEYR Case: 2028
validHGT Case: 180cm
validECL Case: amb
validBYR Case: 1953
validHCL Case: #18171d
validating hcl
1
8
1
7
1
d
validPID Case: 334803890 byr:1953 hcl:#18171d
validEmpty line! foundCategories size: 7
found a 7 w missing cid
BYR Case: 2002
validEYR Case: 2020
validHCL Case: #c54f21
validating hcl
c
5
4
f
2
1
validIYR Case: 2019
validHGT Case: 180cm
validECL Case: blu
validEmpty line! foundCategories size: 6
BYR Case: 1933
validIYR Case: 2020
validHGT Case: 185cm
validECL Case: brn
validHCL Case: #c0946f
validating hcl
c
0
9
4
6
f
validEYR Case: 2020
validPID Case: 050791974
Empty line! foundCategories size: 6
BYR Case: 1933
validHGT Case: 186cm
validECL Case: brn
validIYR Case: 2019
validEYR Case: 2030
validPID Case: 643899463 eyr:2030 iyr:2019
validHCL Case: #866857
validating hcl
8
6
6
8
5
7
validEmpty line! foundCategories size: 7
found a 7 w missing cid
BYR Case: 1935
validIYR Case: 2018
validECL Case: oth
validEYR Case: 2029
validHGT Case: 169cm
validHCL Case: #6b5442
validating hcl
6
b
5
4
4
2
validPID Case: 732801213 hcl:#6b5442 hgt:169cm
validEmpty line! foundCategories size: 7
found a 7 w missing cid
EYR Case: 2020
validBYR Case: 1996
validHCL Case: z byr:1
ECL Case: #41
IYR Case: 2014
validHGT Case: 193cm
validPID Case: 890541531 hgt:193cm iyr:2014
validEmpty line! foundCategories size: 5
BYR Case: 1991
validIYR Case: 2019
validEYR Case: 2025
validHGT Case: 154cm
validHCL Case: #18171d
validating hcl
1
8
1
7
1
d
validECL Case: gry
validPID Case: 618379341 ecl:gry hcl:#18171d byr:1991 eyr:2025 hgt:154cm iyr:2019
validEmpty line! foundCategories size: 7
found a 7 w missing cid
IYR Case: 2013
validBYR Case: 1974
validEYR Case: 2040
HGT Case: 192cm
validECL Case: grn
validPID Case: 912066964 ecl:grn eyr:2040 hgt:192cm byr:1974
validHCL Case: #18171d
validating hcl
1
8
1
7
1
d
validEmpty line! foundCategories size: 6
EYR Case: 2025
validHGT Case: 192cm
validECL Case: gry
validPID Case: 678328147 ecl:gry
validIYR Case: 2017
validHCL Case: #18171d
validating hcl
1
8
1
7
1
d
validEmpty line! foundCategories size: 6
BYR Case: 2021
IYR Case: 2011
validEYR Case: 2035
HGT Case: 189cm
validHCL Case: z eyr:2
ECL Case: gmt
PID Case: 278839955
Empty line! foundCategories size: 2
EYR Case: 2030
validHCL Case: #efcc98
validating hcl
e
f
c
c
9
8
validIYR Case: 2011
validECL Case: blu
validBYR Case: 2002
validHGT Case: 192cm
validPID Case: 536958012 hgt:192cm byr:2002
validEmpty line! foundCategories size: 7
found a 7 w missing cid
BYR Case: 1976
validPID Case: #1306f2 byr:1976
IYR Case: 2019
validEYR Case: 2024
validHGT Case: 158cm
validHCL Case: #790688
validating hcl
7
9
0
6
8
8
validECL Case: grn
validEmpty line! foundCategories size: 6
EYR Case: 2030
validHCL Case: #866857
validating hcl
8
6
6
8
5
7
validECL Case: oth
validPID Case: 421235317
IYR Case: 2014
validHGT Case: 60in
validEmpty line! foundCategories size: 5
BYR Case: 1971
validIYR Case: 2020
validHCL Case: #fffffd
validating hcl
f
f
f
f
f
d
validECL Case: oth
validPID Case: 319896110 ecl:oth hcl:#fffffd
validEmpty line! foundCategories size: 5
BYR Case: 1934
validEYR Case: 2021
validHGT Case: 190cm
validHCL Case: #18171d
validating hcl
1
8
1
7
1
d
validECL Case: amb
validPID Case: 366021385 hcl:#18171d ecl:amb byr:1934
IYR Case: 2016
validEmpty line! foundCategories size: 6
HGT Case: 169cm
validHCL Case: #602927
validating hcl
6
0
2
9
2
7
validPID Case: 177cm
BYR Case: 2020
IYR Case: 2014
validEYR Case: 2022
validECL Case: #dd
Empty line! foundCategories size: 4
BYR Case: 1966
validEYR Case: 2020
validHGT Case: 173cm
validECL Case: oth
validPID Case: 591592395 ecl:oth byr:1966
IYR Case: 2020
validHCL Case: #c0946f
validating hcl
c
0
9
4
6
f
validEmpty line! foundCategories size: 6
ECL Case: gmt
PID Case: 282088832 ecl:gmt
validBYR Case: 2016
HGT Case: 167in
HCL Case: z
IYR Case: 2018
validEmpty line! foundCategories size: 2
IYR Case: 2016
validHGT Case: 62in 
validHCL Case: #c0946f
validating hcl
c
0
9
4
6
f
validEYR Case: 2020
validECL Case: brn
validPID Case: 306204399 eyr:2020 ecl:brn
validBYR Case: 1999
validEmpty line! foundCategories size: 7
found a 7 w missing cid
BYR Case: 1984
validIYR Case: 1947
EYR Case: 1947
HCL Case: 3d50e7 
ECL Case: xry
PID Case: 595671246 hcl:3d50e7 ecl:xry iyr:1947
Empty line! foundCategories size: 1
HGT Case: 187cm
validEYR Case: 2024
validPID Case: 477011496
BYR Case: 1971
validHCL Case: #733820
validating hcl
7
3
3
8
2
0
validIYR Case: 2010
validECL Case: brn
validEmpty line! foundCategories size: 6
BYR Case: 2023
PID Case: 173cm
EYR Case: 2019
HGT Case: 193in
HCL Case: #c0946f
validating hcl
c
0
9
4
6
f
validECL Case: grt
Empty line! foundCategories size: 1
PID Case: 195062251
IYR Case: 2027
BYR Case: 2021
EYR Case: 2025
validHGT Case: 60in
validECL Case: brn
validEmpty line! foundCategories size: 3
HGT Case: 71cm 
HCL Case: z
ECL Case: utc
BYR Case: 2017
IYR Case: 1925
EYR Case: 2021
validPID Case: 5469028726 byr:2017
Empty line! foundCategories size: 1
HGT Case: 168cm
validHCL Case: #b6652a
validating hcl
b
6
6
5
2
a
validBYR Case: 1960
validECL Case: grn
validPID Case: 653140418
IYR Case: 2014
validEYR Case: 2023
validEmpty line! foundCategories size: 6
HCL Case: z
PID Case: #afa892 cid:190 hcl:z
HGT Case: 189cm
validEYR Case: 2020
validECL Case: gry
validBYR Case: 2003
IYR Case: 1956
Empty line! foundCategories size: 3
HGT Case: 175cm
validHCL Case: e4cddf 
PID Case: 189cm hgt:175cm
BYR Case: 2016
IYR Case: 2010
validEYR Case: 1947
ECL Case: #fa
Empty line! foundCategories size: 2
BYR Case: 2019
IYR Case: 2029
EYR Case: 2039
HGT Case: 185cm
validHCL Case: 7752f8 
ECL Case: hzl
validPID Case: 636534364
Empty line! foundCategories size: 2
BYR Case: 2021
HCL Case: ef5177 
ECL Case: gmt
EYR Case: 1993
IYR Case: 2013
validHGT Case: 71cm 
PID Case: 2136295 iyr:2013
Empty line! foundCategories size: 1
BYR Case: 2028
HCL Case: d74b86 
PID Case: 156cm hcl:d74b86 cid:238
HGT Case: 89
IYR Case: 1957
EYR Case: 1937
Empty line! foundCategories size: 0
BYR Case: 1932
validEYR Case: 2030
validHCL Case: #c0946f
validating hcl
c
0
9
4
6
f
validHGT Case: 177cm
validIYR Case: 2016
validECL Case: grn
validEmpty line! foundCategories size: 6
BYR Case: 2003
HCL Case: z byr:2
EYR Case: 2040
HGT Case: 81 pi
ECL Case: #9b
PID Case: 13338103 eyr:2040
Empty line! foundCategories size: 0
BYR Case: 1964
validIYR Case: 2018
validEYR Case: 2030
validHGT Case: 73in 
validHCL Case: #fffffd
validating hcl
f
f
f
f
f
d
validECL Case: amb
validPID Case: 801432704 hgt:73in byr:1964 cid:298 hcl:#fffffd ecl:amb eyr:2030
Empty line! foundCategories size: 6
BYR Case: 1929
validIYR Case: 2019
validEYR Case: 2025
validHGT Case: 184cm
validHCL Case: #ceb3a1
validating hcl
c
e
b
3
a
1
validECL Case: blu
validPID Case: 369160624 byr:1929 hgt:184cm eyr:2025 hcl:#ceb3a1 ecl:blu
Empty line! foundCategories size: 6
HCL Case: #7d3b0c
validating hcl
7
d
3
b
0
c
validPID Case: 525287934
BYR Case: 1998
validEYR Case: 2027
validIYR Case: 2017
validHGT Case: 168cm
validECL Case: gry
validEmpty line! foundCategories size: 6
BYR Case: 1975
validEYR Case: 2027
validHCL Case: 4e319d
ECL Case: brn
validIYR Case: 2017
validHGT Case: 172cm
validPID Case: 308046532 iyr:2017
Empty line! foundCategories size: 5
BYR Case: 2019
IYR Case: 1968
HCL Case: b889c0 
PID Case: 6699675552 byr:2019 iyr:1968
ECL Case: gmt
EYR Case: 2003
HGT Case: 180in
Empty line! foundCategories size: 0
BYR Case: 2025
IYR Case: 2002
EYR Case: 1951
HGT Case: 162in
HCL Case: z iyr:2
ECL Case: zzz
PID Case: #87dca4 eyr:1951
Empty line! foundCategories size: 0
EYR Case: 2022
validECL Case: hzl
validPID Case: 549517742 ecl:hzl
validIYR Case: 2026
BYR Case: 2029
HGT Case: 153cm
validHCL Case: 2993de
Empty line! foundCategories size: 4
EYR Case: 2024
validIYR Case: 2018
validHCL Case: #c0946f
validating hcl
c
0
9
4
6
f
validPID Case: 755674604 iyr:2018 hcl:#c0946f
validBYR Case: 1966
validECL Case: gry
validHGT Case: 188cm
validEmpty line! foundCategories size: 7
found a 7 w missing cid
IYR Case: 2017
validPID Case: 665375893 iyr:2017
validBYR Case: 1997
validEYR Case: 2029
validHGT Case: 173cm
validECL Case: gry
validEmpty line! foundCategories size: 6
HGT Case: 74cm 
HCL Case: #6b5442
validating hcl
6
b
5
4
4
2
validECL Case: #0d
BYR Case: 1939
validEYR Case: 1982
PID Case: 451038742 eyr:1982 byr:1939
validIYR Case: 1932
Empty line! foundCategories size: 3
HCL Case: #18171d
validating hcl
1
8
1
7
1
d
validBYR Case: 1980
validECL Case: gry
validIYR Case: 2019
validHGT Case: 167cm
validEYR Case: 2028
validPID Case: 326267989 eyr:2028
validEmpty line! foundCategories size: 7
found a 7 w missing cid
EYR Case: 2025
validHGT Case: 177cm
validHCL Case: #a97842
validating hcl
a
9
7
8
4
2
validECL Case: hzl
validIYR Case: 2013
validBYR Case: 1949
validPID Case: 292166795
Empty line! foundCategories size: 6
ECL Case: oth
validPID Case: 962521763
BYR Case: 1969
validIYR Case: 2013
validEYR Case: 2022
validHGT Case: 193cm
validHCL Case: #18171d
validating hcl
1
8
1
7
1
d
validEmpty line! foundCategories size: 6
IYR Case: 2028
EYR Case: 2024
validECL Case: grn
validBYR Case: 1940
validHGT Case: 189cm
validHCL Case: z byr:1
PID Case: 032392876
Empty line! foundCategories size: 4
BYR Case: 1959
validIYR Case: 2012
validEYR Case: 2028
validHGT Case: 191cm
validHCL Case: #b6652a
validating hcl
b
6
6
5
2
a
validECL Case: oth
validPID Case: 392810631 hcl:#b6652a byr:1959
Empty line! foundCategories size: 6
BYR Case: 1975
validIYR Case: 2011
validEYR Case: 2027
validHCL Case: #18171d
validating hcl
1
8
1
7
1
d
validHGT Case: 176cm
validECL Case: gry
validPID Case: 290432747
Empty line! foundCategories size: 6
EYR Case: 2027
validECL Case: brn
validPID Case: 210871734 eyr:2027
BYR Case: 1946
validIYR Case: 2011
validHGT Case: 185cm
validHCL Case: z hgt:1
Empty line! foundCategories size: 5
BYR Case: 1924
validECL Case: grt
EYR Case: 2028
validHGT Case: 187cm
validPID Case: #608f4f
Empty line! foundCategories size: 3
BYR Case: 1926
validIYR Case: 2021
EYR Case: 2022
validHGT Case: 183in
HCL Case: #7d3b0c
validating hcl
7
d
3
b
0
c
validECL Case: #a0
PID Case: 3292990618 hgt:183in iyr:2021
Empty line! foundCategories size: 3
ECL Case: #a8
BYR Case: 2027
IYR Case: 1942
EYR Case: 1960
HGT Case: 60cm 
HCL Case: 9fae56
PID Case: #3b6f3f hcl:9fae56
Empty line! foundCategories size: 0
HGT Case: 183cm
validBYR Case: 1935
validIYR Case: 2014
validEYR Case: 2020
validHCL Case: #c0946f
validating hcl
c
0
9
4
6
f
validECL Case: oth
validPID Case: 816986054 eyr:2020 iyr:2014 byr:1935
Empty line! foundCategories size: 6
BYR Case: 2008
HGT Case: 174 b
IYR Case: 2029
HCL Case: 9259e7 
ECL Case: gmt
PID Case: 85036214 ecl:gmt
Empty line! foundCategories size: 0
PID Case: 032040868
BYR Case: 2001
validIYR Case: 2020
validEYR Case: 2027
validHCL Case: #c0946f
validating hcl
c
0
9
4
6
f
validECL Case: grn
validHGT Case: 173cm
validEmpty line! foundCategories size: 6
HCL Case: #6b5442
validating hcl
6
b
5
4
4
2
validBYR Case: 2009
IYR Case: 1939
ECL Case: grt
EYR Case: 2031
HGT Case: 67cm
PID Case: 9365125584 eyr:2031 hgt:67cm
validEmpty line! foundCategories size: 2
HGT Case: 154cm
validBYR Case: 1936
validIYR Case: 2029
EYR Case: 2030
validHCL Case: 491c70 
ECL Case: blu
validPID Case: 391887956 iyr:2029 ecl:blu
Empty line! foundCategories size: 4
HCL Case: #866857
validating hcl
8
6
6
8
5
7
validBYR Case: 1968
validEYR Case: 2021
validHGT Case: 161cm
validECL Case: brn
validPID Case: 921202500 eyr:2021 ecl:brn byr:1968
Empty line! foundCategories size: 5
BYR Case: 2024
IYR Case: 2024
EYR Case: 2035
HGT Case: 154 e
HCL Case: z pid:8
ECL Case: dne
PID Case: 8054447805 hgt:154 eyr:2035 byr:2024
Empty line! foundCategories size: 0
HCL Case: #0a524b
validating hcl
0
a
5
2
4
b
validPID Case: 667928918
EYR Case: 2025
validBYR Case: 1973
validHGT Case: 179cm
validECL Case: brn
validEmpty line! foundCategories size: 5
EYR Case: 2023
validHGT Case: 68in 
validECL Case: gry
validPID Case: 322837855 eyr:2023
BYR Case: 1944
validIYR Case: 2012
validEmpty line! foundCategories size: 5
BYR Case: 1940
validIYR Case: 2030
HGT Case: 178cm
validHCL Case: #c0946f
validating hcl
c
0
9
4
6
f
validECL Case: hzl
validEYR Case: 2020
validPID Case: 788531859
Empty line! foundCategories size: 5
IYR Case: 2012
validHGT Case: 163cm
validBYR Case: 1976
validEYR Case: 2025
validHCL Case: #888785
validating hcl
8
8
8
7
8
5
validECL Case: grn
validPID Case: 554364568 eyr:2025 byr:1976 ecl:grn hcl:#888785
validEmpty line! foundCategories size: 7
found a 7 w missing cid
IYR Case: 2015
validEYR Case: 2029
validHCL Case: #efcc98
validating hcl
e
f
c
c
9
8
validECL Case: gry
validPID Case: 273847553 cid:274
BYR Case: 1933
validHGT Case: 68in 
validEmpty line! foundCategories size: 6
HGT Case: 165cm
validEYR Case: 2024
validPID Case: 209462386 eyr:2024
validBYR Case: 1969
validHCL Case: #733820
validating hcl
7
3
3
8
2
0
validECL Case: grn
validIYR Case: 2020
validEmpty line! foundCategories size: 7
found a 7 w missing cid
BYR Case: 1975
validIYR Case: 2018
validEYR Case: 2027
validHGT Case: 187cm
validHCL Case: #c0946f
validating hcl
c
0
9
4
6
f
validECL Case: hzl
validPID Case: 141969110
Empty line! foundCategories size: 6
IYR Case: 2022
EYR Case: 2036
HGT Case: 164in
HCL Case: z pid:5
ECL Case: grt
PID Case: 534439483 iyr:2022 ecl:grt eyr:2036 hgt:164in cid:324
BYR Case: 2025
Empty line! foundCategories size: 0
HCL Case: #74ca66
validating hcl
7
4
c
a
6
6
validIYR Case: 2011
validPID Case: 253012158
HGT Case: 188cm
validEYR Case: 2023
validECL Case: oth
validEmpty line! foundCategories size: 5
BYR Case: 2020
HCL Case: 9f5f65
PID Case: 56939101 hcl:9f5f65
EYR Case: 1949
IYR Case: 2021
HGT Case: 155in
Empty line! foundCategories size: 0
IYR Case: 2020
validHGT Case: 174cm
validBYR Case: 1944
validEYR Case: 2028
validHCL Case: #733820
validating hcl
7
3
3
8
2
0
validEmpty line! foundCategories size: 5
BYR Case: 1997
validIYR Case: 2014
validEYR Case: 2030
validHGT Case: 63in 
validHCL Case: #866857
validating hcl
8
6
6
8
5
7
validECL Case: gry
validPID Case: 371522079
Empty line! foundCategories size: 6
ECL Case: amb
validBYR Case: 1955
validIYR Case: 2013
validEYR Case: 2026
validHGT Case: 190cm
validHCL Case: #888785
validating hcl
8
8
8
7
8
5
validPID Case: 311393763
Empty line! foundCategories size: 6
IYR Case: 2019
validEYR Case: 2026
validBYR Case: 1947
validPID Case: 721355771 byr:1947
validHCL Case: #733820
validating hcl
7
3
3
8
2
0
validHGT Case: 71in 
validECL Case: gry
validEmpty line! foundCategories size: 7
found a 7 w missing cid
BYR Case: 1938
validEYR Case: 2024
validECL Case: hzl
validPID Case: 336868233 ecl:hzl
IYR Case: 2012
validHGT Case: 177cm
validHCL Case: #7d3b0c
validating hcl
7
d
3
b
0
c
validEmpty line! foundCategories size: 6
IYR Case: 2010
validECL Case: brn
validEYR Case: 2027
validPID Case: 379769214
BYR Case: 1960
validHGT Case: 169cm
validHCL Case: #cfa07d
validating hcl
c
f
a
0
7
d
validEmpty line! foundCategories size: 6
HGT Case: 179cm
validBYR Case: 2025
EYR Case: 2036
HCL Case: 3f59a6 
ECL Case: oth
validPID Case: 217404607
IYR Case: 2018
validEmpty line! foundCategories size: 3
BYR Case: 1967
validIYR Case: 2012
validEYR Case: 2025
validHGT Case: 170cm
validHCL Case: #efcc98
validating hcl
e
f
c
c
9
8
validECL Case: amb
validPID Case: 820370865 hgt:170cm iyr:2012 byr:1967 hcl:#efcc98 cid:309 eyr:2025
Empty line! foundCategories size: 6
BYR Case: 1940
validEYR Case: 2024
validHGT Case: 159cm
validHCL Case: #602927
validating hcl
6
0
2
9
2
7
validECL Case: gry
validPID Case: 008495978 ecl:gry hgt:159cm hcl:#602927 eyr:2024
validEmpty line! foundCategories size: 6
HGT Case: 186cm
validBYR Case: 1971
validHCL Case: #efcc98
validating hcl
e
f
c
c
9
8
validECL Case: brn
validPID Case: 556900517 cid:334 hcl:#efcc98 ecl:brn
IYR Case: 2014
validEmpty line! foundCategories size: 5
BYR Case: 1928
validIYR Case: 2020
validHGT Case: 193cm
validHCL Case: #7d3b0c
validating hcl
7
d
3
b
0
c
validECL Case: grn
validEmpty line! foundCategories size: 5
BYR Case: 2000
validIYR Case: 2029
EYR Case: 2024
validHGT Case: 193cm
validHCL Case: a3046e 
ECL Case: lzr
PID Case: 626863952 ecl:lzr iyr:2029 eyr:2024 byr:2000 hgt:193cm
Empty line! foundCategories size: 3
BYR Case: 1931
validHCL Case: #866857
validating hcl
8
6
6
8
5
7
validECL Case: amb
validIYR Case: 2013
validEYR Case: 1928
HGT Case: 182cm
validPID Case: 557376401 hgt:182cm iyr:2013
Empty line! foundCategories size: 5
Valid Passports: 34
Valid Passports, recount: 34
